Hint: * Converting file /home/lynx/coding_home/Kursgleiche/code/KursgleicheDDE00001.dpr *
Hint: Added defines -dBorland -dVer150 -dDelphi7 -dCompiler6_Up -dPUREPASCAL in custom options
Hint: Found all unit files
Hint: * Fixing used units for file /home/lynx/coding_home/Kursgleiche/code/KursgleicheDDE00001.dpr *
Hint: 
Hint: *** Converting unit files belonging to project/package ***
Hint: * Converting file /home/lynx/coding_home/Kursgleiche/code/KursDDE00001.pas *
Hint: Changed encoding from ansi to UTF-8
Hint: Changed encoding from ansi to UTF-8
Hint: Removed unit "ShellAPI" in uses section.
Hint: Replaced unit "DBTables" with "sqldb" in uses section.
Hint: Replaced unit "Windows" with "LCLIntf, LCLType, LMessages" in uses section.
Hint: * Converting file /home/lynx/coding_home/Kursgleiche/code/KursDDE00003.pas *
Hint: Replaced unit "Windows" with "LCLIntf, LCLType, LMessages" in uses section.
Hint: * Converting file /home/lynx/coding_home/Kursgleiche/code/KursDDE00005.pas *
Hint: Changed encoding from ansi to UTF-8
Hint: Changed encoding from ansi to UTF-8
Hint: Replaced unit "Windows" with "LCLIntf, LCLType, LMessages" in uses section.
Hint: * Converting file /home/lynx/coding_home/Kursgleiche/code/KursDDE00006.pas *
Hint: Changed encoding from ansi to UTF-8
Hint: Replaced unit "Windows" with "LCLIntf, LCLType, LMessages" in uses section.
Hint: * Converting file /home/lynx/coding_home/Kursgleiche/code/KursDDE00007.pas *
Hint: Changed encoding from ansi to UTF-8
Hint: Replaced unit "Windows" with "LCLIntf, LCLType, LMessages" in uses section.
Hint: * Converting file /home/lynx/coding_home/Kursgleiche/code/KursDDE00009.pas *
Hint: Changed encoding from ansi to UTF-8
Hint: Replaced unit "Windows" with "LCLIntf, LCLType, LMessages" in uses section.
Hint: * Converting file /home/lynx/coding_home/Kursgleiche/code/KursDDE00002.pas *
Hint: Changed encoding from ansi to UTF-8
Hint: Replaced unit "Windows" with "LCLIntf, LCLType, LMessages" in uses section.
Hint: * Converting file /home/lynx/coding_home/Kursgleiche/code/KursDDE00008.pas *
Hint: Changed encoding from ansi to UTF-8
Hint: Changed encoding from ansi to UTF-8
Hint: Replaced unit "Windows" with "LCLIntf, LCLType, LMessages" in uses section.
Hint: * Converting file /home/lynx/coding_home/Kursgleiche/code/KursDDE00004.pas *
Hint: Changed encoding from ansi to UTF-8
Hint: Replaced unit "Windows" with "LCLIntf, LCLType, LMessages" in uses section.
Hint: * Converting file /home/lynx/coding_home/Kursgleiche/code/KursDDE00010.pas *
Hint: Changed encoding from ansi to UTF-8
Hint: Replaced unit "Windows" with "LCLIntf, LCLType, LMessages" in uses section.
Hint: * Converting file /home/lynx/coding_home/Kursgleiche/code/KursDDE00011.pas *
Hint: Changed encoding from ansi to UTF-8
Hint: Changed encoding from ansi to UTF-8
Hint: Replaced unit "Windows" with "LCLIntf, LCLType, LMessages" in uses section.
Hint: 
Hint: *** Converting unit files found during conversion ***
Hint: * Converting file /home/lynx/coding_home/Kursgleiche/code/UStiftWindr2.pas *
Hint: 
Hint: *** Fixing used units and Repairing form files ***
Hint: * Repairing form file /home/lynx/coding_home/Kursgleiche/code/KursDDE00001.lfm *
Hint: Removed property "TextHeight".
Hint: Removed property "OldCreateOrder".
Hint: Changed Top coord of TImage from "4" to "2" inside TPanel.
Hint: Changed Left coord of TImage from "4" to "2" inside TPanel.
Hint: Changed Top coord of TLabel from "64" to "50" inside TGroupBox.
Hint: Changed Left coord of TLabel from "156" to "154" inside TGroupBox.
Hint: Changed Top coord of TLabel from "64" to "50" inside TGroupBox.
Hint: Changed Left coord of TLabel from "72" to "70" inside TGroupBox.
Hint: Changed Top coord of TLabel from "24" to "10" inside TGroupBox.
Hint: Changed Left coord of TLabel from "8" to "6" inside TGroupBox.
Hint: Changed Top coord of TLabel from "48" to "34" inside TGroupBox.
Hint: Changed Left coord of TLabel from "96" to "94" inside TGroupBox.
Hint: Changed Top coord of TLabel from "48" to "34" inside TGroupBox.
Hint: Changed Left coord of TLabel from "15" to "13" inside TGroupBox.
Hint: * Fixing used units for file /home/lynx/coding_home/Kursgleiche/code/KursDDE00001.pas *
Hint: * Repairing form file /home/lynx/coding_home/Kursgleiche/code/KursDDE00003.lfm *
Hint: Removed property "TextHeight".
Hint: Removed property "OldCreateOrder".
Hint: Changed Top coord of TAnimate from "4" to "2" inside TPanel.
Hint: Changed Left coord of TAnimate from "4" to "2" inside TPanel.
Hint: * Fixing used units for file /home/lynx/coding_home/Kursgleiche/code/KursDDE00003.pas *
Hint: * Repairing form file /home/lynx/coding_home/Kursgleiche/code/KursDDE00005.lfm *
Hint: Removed property "TextHeight".
Hint: Removed property "OldCreateOrder".
Hint: Changed Top coord of TChart from "7" to "5" inside TPanel.
Hint: Changed Left coord of TChart from "9" to "7" inside TPanel.
Hint: Changed Top coord of TChart from "5" to "3" inside TPanel.
Hint: Changed Left coord of TChart from "5" to "3" inside TPanel.
Hint: * Fixing used units for file /home/lynx/coding_home/Kursgleiche/code/KursDDE00005.pas *
Hint: * Repairing form file /home/lynx/coding_home/Kursgleiche/code/KursDDE00006.lfm *
Hint: Removed property "TextHeight".
Hint: Removed property "OldCreateOrder".
Hint: * Fixing used units for file /home/lynx/coding_home/Kursgleiche/code/KursDDE00006.pas *
Hint: * Repairing form file /home/lynx/coding_home/Kursgleiche/code/KursDDE00007.lfm *
Hint: Removed property "TextHeight".
Hint: Removed property "OldCreateOrder".
Hint: * Fixing used units for file /home/lynx/coding_home/Kursgleiche/code/KursDDE00007.pas *
Hint: * Repairing form file /home/lynx/coding_home/Kursgleiche/code/KursDDE00009.lfm *
Hint: Removed property "TextHeight".
Hint: Removed property "OldCreateOrder".
Hint: * Fixing used units for file /home/lynx/coding_home/Kursgleiche/code/KursDDE00009.pas *
Hint: * Repairing form file /home/lynx/coding_home/Kursgleiche/code/KursDDE00002.lfm *
Hint: Removed property "TextHeight".
Hint: Removed property "OldCreateOrder".
Hint: * Fixing used units for file /home/lynx/coding_home/Kursgleiche/code/KursDDE00002.pas *
Hint: * Repairing form file /home/lynx/coding_home/Kursgleiche/code/KursDDE00008.lfm *
Hint: Removed property "ParentCtl3D".
Hint: Removed property "Ctl3D".
Hint: Removed property "TextHeight".
Hint: Removed property "OldCreateOrder".
Hint: * Fixing used units for file /home/lynx/coding_home/Kursgleiche/code/KursDDE00008.pas *
Hint: * Repairing form file /home/lynx/coding_home/Kursgleiche/code/KursDDE00004.lfm *
Hint: Removed property "TextHeight".
Hint: Removed property "OldCreateOrder".
Hint: Changed Top coord of TImage from "5" to "3" inside TPanel.
Hint: Changed Left coord of TImage from "5" to "3" inside TPanel.
Hint: Changed Top coord of TImage from "5" to "3" inside TPanel.
Hint: Changed Left coord of TImage from "5" to "3" inside TPanel.
Hint: * Fixing used units for file /home/lynx/coding_home/Kursgleiche/code/KursDDE00004.pas *
Hint: * Repairing form file /home/lynx/coding_home/Kursgleiche/code/KursDDE00010.lfm *
Hint: Removed property "TextHeight".
Hint: Removed property "OldCreateOrder".
Hint: * Fixing used units for file /home/lynx/coding_home/Kursgleiche/code/KursDDE00010.pas *
Hint: * Repairing form file /home/lynx/coding_home/Kursgleiche/code/KursDDE00011.lfm *
Hint: Removed property "TextHeight".
Hint: Removed property "OldCreateOrder".
Hint: * Fixing used units for file /home/lynx/coding_home/Kursgleiche/code/KursDDE00011.pas *
Hint: * Fixing used units for file /home/lynx/coding_home/Kursgleiche/code/UStiftWindr2.pas *
Hint: Conversion took: 00:00:44
Hint: Conversion Ready.
